CRITICAL - 2024-06-18 22:11:08 --> Maximum execution time of 120 seconds exceeded
in SYSTEMPATH\Debug\Exceptions.php on line 170.
 1 [internal function]: CodeIgniter\Debug\Exceptions->shutdownHandler()
CRITICAL - 2024-06-18 22:11:08 --> Maximum execution time of 120 seconds exceeded
in SYSTEMPATH\Debug\Exceptions.php on line 170.
 1 [internal function]: CodeIgniter\Debug\Exceptions->shutdownHandler()
CRITICAL - 2024-06-18 22:11:08 --> Maximum execution time of 120 seconds exceeded
in SYSTEMPATH\Debug\Exceptions.php on line 170.
 1 [internal function]: CodeIgniter\Debug\Exceptions->shutdownHandler()
CRITICAL - 2024-06-18 22:11:08 --> Maximum execution time of 120 seconds exceeded
in SYSTEMPATH\Debug\Exceptions.php on line 170.
 1 [internal function]: CodeIgniter\Debug\Exceptions->shutdownHandler()
CRITICAL - 2024-06-18 22:11:08 --> Maximum execution time of 120 seconds exceeded
in SYSTEMPATH\Debug\Exceptions.php on line 170.
 1 [internal function]: CodeIgniter\Debug\Exceptions->shutdownHandler()
ERROR - 2024-06-18 22:47:57 --> Error connecting to the database: mysqli_sql_exception: Unknown database 'explosion_db' in C:\xampp\htdocs\braxlyproject5-php\system\Database\MySQLi\Connection.php:173
Stack trace:
#0 C:\xampp\htdocs\braxlyproject5-php\system\Database\MySQLi\Connection.php(173): mysqli->real_connect('localhost', 'restful', Object(SensitiveParameterValue), 'explosion_db', 3306, '', 0)
#1 C:\xampp\htdocs\braxlyproject5-php\system\Database\BaseConnection.php(391): CodeIgniter\Database\MySQLi\Connection->connect(false)
#2 C:\xampp\htdocs\braxlyproject5-php\system\Database\BaseConnection.php(573): CodeIgniter\Database\BaseConnection->initialize()
#3 C:\xampp\htdocs\braxlyproject5-php\system\Database\BaseBuilder.php(1616): CodeIgniter\Database\BaseConnection->query('SELECT *\nFROM `...', Array, false)
#4 C:\xampp\htdocs\braxlyproject5-php\system\Model.php(241): CodeIgniter\Database\BaseBuilder->get()
#5 C:\xampp\htdocs\braxlyproject5-php\system\BaseModel.php(618): CodeIgniter\Model->doFindAll(0, 0)
#6 C:\xampp\htdocs\braxlyproject5-php\app\Controllers\Productos.php(13): CodeIgniter\BaseModel->findAll()
#7 C:\xampp\htdocs\braxlyproject5-php\system\CodeIgniter.php(934): App\Controllers\Productos->index()
#8 C:\xampp\htdocs\braxlyproject5-php\system\CodeIgniter.php(499): CodeIgniter\CodeIgniter->runController(Object(App\Controllers\Productos))
#9 C:\xampp\htdocs\braxlyproject5-php\system\CodeIgniter.php(368): CodeIgniter\CodeIgniter->handleRequest(NULL, Object(Config\Cache), false)
#10 C:\xampp\htdocs\braxlyproject5-php\index.php(67): CodeIgniter\CodeIgniter->run()
#11 {main}

Next CodeIgniter\Database\Exceptions\DatabaseException: Unknown database 'explosion_db' in C:\xampp\htdocs\braxlyproject5-php\system\Database\MySQLi\Connection.php:218
Stack trace:
#0 C:\xampp\htdocs\braxlyproject5-php\system\Database\BaseConnection.php(391): CodeIgniter\Database\MySQLi\Connection->connect(false)
#1 C:\xampp\htdocs\braxlyproject5-php\system\Database\BaseConnection.php(573): CodeIgniter\Database\BaseConnection->initialize()
#2 C:\xampp\htdocs\braxlyproject5-php\system\Database\BaseBuilder.php(1616): CodeIgniter\Database\BaseConnection->query('SELECT *\nFROM `...', Array, false)
#3 C:\xampp\htdocs\braxlyproject5-php\system\Model.php(241): CodeIgniter\Database\BaseBuilder->get()
#4 C:\xampp\htdocs\braxlyproject5-php\system\BaseModel.php(618): CodeIgniter\Model->doFindAll(0, 0)
#5 C:\xampp\htdocs\braxlyproject5-php\app\Controllers\Productos.php(13): CodeIgniter\BaseModel->findAll()
#6 C:\xampp\htdocs\braxlyproject5-php\system\CodeIgniter.php(934): App\Controllers\Productos->index()
#7 C:\xampp\htdocs\braxlyproject5-php\system\CodeIgniter.php(499): CodeIgniter\CodeIgniter->runController(Object(App\Controllers\Productos))
#8 C:\xampp\htdocs\braxlyproject5-php\system\CodeIgniter.php(368): CodeIgniter\CodeIgniter->handleRequest(NULL, Object(Config\Cache), false)
#9 C:\xampp\htdocs\braxlyproject5-php\index.php(67): CodeIgniter\CodeIgniter->run()
#10 {main}
CRITICAL - 2024-06-18 22:47:57 --> Unable to connect to the database.
Main connection [MySQLi]: Unknown database 'explosion_db'
in SYSTEMPATH\Database\BaseConnection.php on line 427.
 1 SYSTEMPATH\Database\BaseConnection.php(573): CodeIgniter\Database\BaseConnection->initialize()
 2 SYSTEMPATH\Database\BaseBuilder.php(1616): CodeIgniter\Database\BaseConnection->query('SELECT *
FROM `registros`
WHERE `reg_estado` = :reg_estado:', [...], false)
 3 SYSTEMPATH\Model.php(241): CodeIgniter\Database\BaseBuilder->get()
 4 SYSTEMPATH\BaseModel.php(618): CodeIgniter\Model->doFindAll(0, 0)
 5 APPPATH\Controllers\Productos.php(13): CodeIgniter\BaseModel->findAll()
 6 SYSTEMPATH\CodeIgniter.php(934): App\Controllers\Productos->index()
 7 SYSTEMPATH\CodeIgniter.php(499): CodeIgniter\CodeIgniter->runController(Object(App\Controllers\Productos))
 8 SYSTEMPATH\CodeIgniter.php(368): CodeIgniter\CodeIgniter->handleRequest(null, Object(Config\Cache), false)
 9 FCPATH\index.php(67): CodeIgniter\CodeIgniter->run()
ERROR - 2024-06-18 22:48:02 --> Error connecting to the database: mysqli_sql_exception: Unknown database 'explosion_db' in C:\xampp\htdocs\braxlyproject5-php\system\Database\MySQLi\Connection.php:173
Stack trace:
#0 C:\xampp\htdocs\braxlyproject5-php\system\Database\MySQLi\Connection.php(173): mysqli->real_connect('localhost', 'restful', Object(SensitiveParameterValue), 'explosion_db', 3306, '', 0)
#1 C:\xampp\htdocs\braxlyproject5-php\system\Database\BaseConnection.php(391): CodeIgniter\Database\MySQLi\Connection->connect(false)
#2 C:\xampp\htdocs\braxlyproject5-php\system\Database\BaseConnection.php(573): CodeIgniter\Database\BaseConnection->initialize()
#3 C:\xampp\htdocs\braxlyproject5-php\system\Database\BaseBuilder.php(1616): CodeIgniter\Database\BaseConnection->query('SELECT *\nFROM `...', Array, false)
#4 C:\xampp\htdocs\braxlyproject5-php\system\Model.php(241): CodeIgniter\Database\BaseBuilder->get()
#5 C:\xampp\htdocs\braxlyproject5-php\system\BaseModel.php(618): CodeIgniter\Model->doFindAll(0, 0)
#6 C:\xampp\htdocs\braxlyproject5-php\app\Controllers\Productos.php(13): CodeIgniter\BaseModel->findAll()
#7 C:\xampp\htdocs\braxlyproject5-php\system\CodeIgniter.php(934): App\Controllers\Productos->index()
#8 C:\xampp\htdocs\braxlyproject5-php\system\CodeIgniter.php(499): CodeIgniter\CodeIgniter->runController(Object(App\Controllers\Productos))
#9 C:\xampp\htdocs\braxlyproject5-php\system\CodeIgniter.php(368): CodeIgniter\CodeIgniter->handleRequest(NULL, Object(Config\Cache), false)
#10 C:\xampp\htdocs\braxlyproject5-php\index.php(67): CodeIgniter\CodeIgniter->run()
#11 {main}

Next CodeIgniter\Database\Exceptions\DatabaseException: Unknown database 'explosion_db' in C:\xampp\htdocs\braxlyproject5-php\system\Database\MySQLi\Connection.php:218
Stack trace:
#0 C:\xampp\htdocs\braxlyproject5-php\system\Database\BaseConnection.php(391): CodeIgniter\Database\MySQLi\Connection->connect(false)
#1 C:\xampp\htdocs\braxlyproject5-php\system\Database\BaseConnection.php(573): CodeIgniter\Database\BaseConnection->initialize()
#2 C:\xampp\htdocs\braxlyproject5-php\system\Database\BaseBuilder.php(1616): CodeIgniter\Database\BaseConnection->query('SELECT *\nFROM `...', Array, false)
#3 C:\xampp\htdocs\braxlyproject5-php\system\Model.php(241): CodeIgniter\Database\BaseBuilder->get()
#4 C:\xampp\htdocs\braxlyproject5-php\system\BaseModel.php(618): CodeIgniter\Model->doFindAll(0, 0)
#5 C:\xampp\htdocs\braxlyproject5-php\app\Controllers\Productos.php(13): CodeIgniter\BaseModel->findAll()
#6 C:\xampp\htdocs\braxlyproject5-php\system\CodeIgniter.php(934): App\Controllers\Productos->index()
#7 C:\xampp\htdocs\braxlyproject5-php\system\CodeIgniter.php(499): CodeIgniter\CodeIgniter->runController(Object(App\Controllers\Productos))
#8 C:\xampp\htdocs\braxlyproject5-php\system\CodeIgniter.php(368): CodeIgniter\CodeIgniter->handleRequest(NULL, Object(Config\Cache), false)
#9 C:\xampp\htdocs\braxlyproject5-php\index.php(67): CodeIgniter\CodeIgniter->run()
#10 {main}
CRITICAL - 2024-06-18 22:48:02 --> Unable to connect to the database.
Main connection [MySQLi]: Unknown database 'explosion_db'
in SYSTEMPATH\Database\BaseConnection.php on line 427.
 1 SYSTEMPATH\Database\BaseConnection.php(573): CodeIgniter\Database\BaseConnection->initialize()
 2 SYSTEMPATH\Database\BaseBuilder.php(1616): CodeIgniter\Database\BaseConnection->query('SELECT *
FROM `registros`
WHERE `reg_estado` = :reg_estado:', [...], false)
 3 SYSTEMPATH\Model.php(241): CodeIgniter\Database\BaseBuilder->get()
 4 SYSTEMPATH\BaseModel.php(618): CodeIgniter\Model->doFindAll(0, 0)
 5 APPPATH\Controllers\Productos.php(13): CodeIgniter\BaseModel->findAll()
 6 SYSTEMPATH\CodeIgniter.php(934): App\Controllers\Productos->index()
 7 SYSTEMPATH\CodeIgniter.php(499): CodeIgniter\CodeIgniter->runController(Object(App\Controllers\Productos))
 8 SYSTEMPATH\CodeIgniter.php(368): CodeIgniter\CodeIgniter->handleRequest(null, Object(Config\Cache), false)
 9 FCPATH\index.php(67): CodeIgniter\CodeIgniter->run()
ERROR - 2024-06-18 22:48:18 --> Error connecting to the database: mysqli_sql_exception: Unknown database 'explosion_db' in C:\xampp\htdocs\braxlyproject5-php\system\Database\MySQLi\Connection.php:173
Stack trace:
#0 C:\xampp\htdocs\braxlyproject5-php\system\Database\MySQLi\Connection.php(173): mysqli->real_connect('localhost', 'restful', Object(SensitiveParameterValue), 'explosion_db', 3306, '', 0)
#1 C:\xampp\htdocs\braxlyproject5-php\system\Database\BaseConnection.php(391): CodeIgniter\Database\MySQLi\Connection->connect(false)
#2 C:\xampp\htdocs\braxlyproject5-php\system\Database\BaseConnection.php(573): CodeIgniter\Database\BaseConnection->initialize()
#3 C:\xampp\htdocs\braxlyproject5-php\system\Database\BaseBuilder.php(1616): CodeIgniter\Database\BaseConnection->query('SELECT *\nFROM `...', Array, false)
#4 C:\xampp\htdocs\braxlyproject5-php\system\Model.php(241): CodeIgniter\Database\BaseBuilder->get()
#5 C:\xampp\htdocs\braxlyproject5-php\system\BaseModel.php(618): CodeIgniter\Model->doFindAll(0, 0)
#6 C:\xampp\htdocs\braxlyproject5-php\app\Controllers\Personas.php(12): CodeIgniter\BaseModel->findAll()
#7 C:\xampp\htdocs\braxlyproject5-php\system\CodeIgniter.php(934): App\Controllers\Personas->index()
#8 C:\xampp\htdocs\braxlyproject5-php\system\CodeIgniter.php(499): CodeIgniter\CodeIgniter->runController(Object(App\Controllers\Personas))
#9 C:\xampp\htdocs\braxlyproject5-php\system\CodeIgniter.php(368): CodeIgniter\CodeIgniter->handleRequest(NULL, Object(Config\Cache), false)
#10 C:\xampp\htdocs\braxlyproject5-php\index.php(67): CodeIgniter\CodeIgniter->run()
#11 {main}

Next CodeIgniter\Database\Exceptions\DatabaseException: Unknown database 'explosion_db' in C:\xampp\htdocs\braxlyproject5-php\system\Database\MySQLi\Connection.php:218
Stack trace:
#0 C:\xampp\htdocs\braxlyproject5-php\system\Database\BaseConnection.php(391): CodeIgniter\Database\MySQLi\Connection->connect(false)
#1 C:\xampp\htdocs\braxlyproject5-php\system\Database\BaseConnection.php(573): CodeIgniter\Database\BaseConnection->initialize()
#2 C:\xampp\htdocs\braxlyproject5-php\system\Database\BaseBuilder.php(1616): CodeIgniter\Database\BaseConnection->query('SELECT *\nFROM `...', Array, false)
#3 C:\xampp\htdocs\braxlyproject5-php\system\Model.php(241): CodeIgniter\Database\BaseBuilder->get()
#4 C:\xampp\htdocs\braxlyproject5-php\system\BaseModel.php(618): CodeIgniter\Model->doFindAll(0, 0)
#5 C:\xampp\htdocs\braxlyproject5-php\app\Controllers\Personas.php(12): CodeIgniter\BaseModel->findAll()
#6 C:\xampp\htdocs\braxlyproject5-php\system\CodeIgniter.php(934): App\Controllers\Personas->index()
#7 C:\xampp\htdocs\braxlyproject5-php\system\CodeIgniter.php(499): CodeIgniter\CodeIgniter->runController(Object(App\Controllers\Personas))
#8 C:\xampp\htdocs\braxlyproject5-php\system\CodeIgniter.php(368): CodeIgniter\CodeIgniter->handleRequest(NULL, Object(Config\Cache), false)
#9 C:\xampp\htdocs\braxlyproject5-php\index.php(67): CodeIgniter\CodeIgniter->run()
#10 {main}
CRITICAL - 2024-06-18 22:48:18 --> Unable to connect to the database.
Main connection [MySQLi]: Unknown database 'explosion_db'
in SYSTEMPATH\Database\BaseConnection.php on line 427.
 1 SYSTEMPATH\Database\BaseConnection.php(573): CodeIgniter\Database\BaseConnection->initialize()
 2 SYSTEMPATH\Database\BaseBuilder.php(1616): CodeIgniter\Database\BaseConnection->query('SELECT *
FROM `registros`
WHERE `reg_estado` = :reg_estado:', [...], false)
 3 SYSTEMPATH\Model.php(241): CodeIgniter\Database\BaseBuilder->get()
 4 SYSTEMPATH\BaseModel.php(618): CodeIgniter\Model->doFindAll(0, 0)
 5 APPPATH\Controllers\Personas.php(12): CodeIgniter\BaseModel->findAll()
 6 SYSTEMPATH\CodeIgniter.php(934): App\Controllers\Personas->index()
 7 SYSTEMPATH\CodeIgniter.php(499): CodeIgniter\CodeIgniter->runController(Object(App\Controllers\Personas))
 8 SYSTEMPATH\CodeIgniter.php(368): CodeIgniter\CodeIgniter->handleRequest(null, Object(Config\Cache), false)
 9 FCPATH\index.php(67): CodeIgniter\CodeIgniter->run()
ERROR - 2024-06-18 22:48:38 --> Error connecting to the database: mysqli_sql_exception: Unknown database 'explosion_db' in C:\xampp\htdocs\braxlyproject5-php\system\Database\MySQLi\Connection.php:173
Stack trace:
#0 C:\xampp\htdocs\braxlyproject5-php\system\Database\MySQLi\Connection.php(173): mysqli->real_connect('localhost', 'restful', Object(SensitiveParameterValue), 'explosion_db', 3306, '', 0)
#1 C:\xampp\htdocs\braxlyproject5-php\system\Database\BaseConnection.php(391): CodeIgniter\Database\MySQLi\Connection->connect(false)
#2 C:\xampp\htdocs\braxlyproject5-php\system\Database\BaseConnection.php(573): CodeIgniter\Database\BaseConnection->initialize()
#3 C:\xampp\htdocs\braxlyproject5-php\system\Database\BaseBuilder.php(1616): CodeIgniter\Database\BaseConnection->query('SELECT *\nFROM `...', Array, false)
#4 C:\xampp\htdocs\braxlyproject5-php\system\Model.php(241): CodeIgniter\Database\BaseBuilder->get()
#5 C:\xampp\htdocs\braxlyproject5-php\system\BaseModel.php(618): CodeIgniter\Model->doFindAll(0, 0)
#6 C:\xampp\htdocs\braxlyproject5-php\app\Controllers\Personas.php(12): CodeIgniter\BaseModel->findAll()
#7 C:\xampp\htdocs\braxlyproject5-php\system\CodeIgniter.php(934): App\Controllers\Personas->index()
#8 C:\xampp\htdocs\braxlyproject5-php\system\CodeIgniter.php(499): CodeIgniter\CodeIgniter->runController(Object(App\Controllers\Personas))
#9 C:\xampp\htdocs\braxlyproject5-php\system\CodeIgniter.php(368): CodeIgniter\CodeIgniter->handleRequest(NULL, Object(Config\Cache), false)
#10 C:\xampp\htdocs\braxlyproject5-php\index.php(67): CodeIgniter\CodeIgniter->run()
#11 {main}

Next CodeIgniter\Database\Exceptions\DatabaseException: Unknown database 'explosion_db' in C:\xampp\htdocs\braxlyproject5-php\system\Database\MySQLi\Connection.php:218
Stack trace:
#0 C:\xampp\htdocs\braxlyproject5-php\system\Database\BaseConnection.php(391): CodeIgniter\Database\MySQLi\Connection->connect(false)
#1 C:\xampp\htdocs\braxlyproject5-php\system\Database\BaseConnection.php(573): CodeIgniter\Database\BaseConnection->initialize()
#2 C:\xampp\htdocs\braxlyproject5-php\system\Database\BaseBuilder.php(1616): CodeIgniter\Database\BaseConnection->query('SELECT *\nFROM `...', Array, false)
#3 C:\xampp\htdocs\braxlyproject5-php\system\Model.php(241): CodeIgniter\Database\BaseBuilder->get()
#4 C:\xampp\htdocs\braxlyproject5-php\system\BaseModel.php(618): CodeIgniter\Model->doFindAll(0, 0)
#5 C:\xampp\htdocs\braxlyproject5-php\app\Controllers\Personas.php(12): CodeIgniter\BaseModel->findAll()
#6 C:\xampp\htdocs\braxlyproject5-php\system\CodeIgniter.php(934): App\Controllers\Personas->index()
#7 C:\xampp\htdocs\braxlyproject5-php\system\CodeIgniter.php(499): CodeIgniter\CodeIgniter->runController(Object(App\Controllers\Personas))
#8 C:\xampp\htdocs\braxlyproject5-php\system\CodeIgniter.php(368): CodeIgniter\CodeIgniter->handleRequest(NULL, Object(Config\Cache), false)
#9 C:\xampp\htdocs\braxlyproject5-php\index.php(67): CodeIgniter\CodeIgniter->run()
#10 {main}
CRITICAL - 2024-06-18 22:48:38 --> Unable to connect to the database.
Main connection [MySQLi]: Unknown database 'explosion_db'
in SYSTEMPATH\Database\BaseConnection.php on line 427.
 1 SYSTEMPATH\Database\BaseConnection.php(573): CodeIgniter\Database\BaseConnection->initialize()
 2 SYSTEMPATH\Database\BaseBuilder.php(1616): CodeIgniter\Database\BaseConnection->query('SELECT *
FROM `registros`
WHERE `reg_estado` = :reg_estado:', [...], false)
 3 SYSTEMPATH\Model.php(241): CodeIgniter\Database\BaseBuilder->get()
 4 SYSTEMPATH\BaseModel.php(618): CodeIgniter\Model->doFindAll(0, 0)
 5 APPPATH\Controllers\Personas.php(12): CodeIgniter\BaseModel->findAll()
 6 SYSTEMPATH\CodeIgniter.php(934): App\Controllers\Personas->index()
 7 SYSTEMPATH\CodeIgniter.php(499): CodeIgniter\CodeIgniter->runController(Object(App\Controllers\Personas))
 8 SYSTEMPATH\CodeIgniter.php(368): CodeIgniter\CodeIgniter->handleRequest(null, Object(Config\Cache), false)
 9 FCPATH\index.php(67): CodeIgniter\CodeIgniter->run()
CRITICAL - 2024-06-18 22:54:00 --> Trying to access array offset on value of type null
in APPPATH\Views\welcome_message.php on line 57.
 1 APPPATH\Views\welcome_message.php(57): CodeIgniter\Debug\Exceptions->errorHandler(2, 'Trying to access array offset on value of type null', 'C:\\xampp\\htdocs\\braxlyproject5-php\\app\\Views\\welcome_message.php', 57)
 2 SYSTEMPATH\View\View.php(213): include('C:\\xampp\\htdocs\\braxlyproject5-php\\app\\Views\\welcome_message.php')
 3 SYSTEMPATH\View\View.php(216): CodeIgniter\View\View->CodeIgniter\View\{closure}()
 4 SYSTEMPATH\Common.php(1184): CodeIgniter\View\View->render('welcome_message', [], true)
 5 APPPATH\Controllers\Home.php(9): view('welcome_message')
 6 SYSTEMPATH\CodeIgniter.php(934): App\Controllers\Home->index()
 7 SYSTEMPATH\CodeIgniter.php(499): CodeIgniter\CodeIgniter->runController(Object(App\Controllers\Home))
 8 SYSTEMPATH\CodeIgniter.php(368): CodeIgniter\CodeIgniter->handleRequest(null, Object(Config\Cache), false)
 9 FCPATH\index.php(67): CodeIgniter\CodeIgniter->run()
