ERROR - 2024-06-19 02:32:05 --> Error connecting to the database: Error: Class "SQLite3" not found in C:\xampp\htdocs\braxlyproject5-php\system\Database\SQLite3\Connection.php:89
Stack trace:
#0 C:\xampp\htdocs\braxlyproject5-php\system\Database\BaseConnection.php(391): CodeIgniter\Database\SQLite3\Connection->connect(false)
#1 C:\xampp\htdocs\braxlyproject5-php\system\Database\SQLite3\Connection.php(59): CodeIgniter\Database\BaseConnection->initialize()
#2 C:\xampp\htdocs\braxlyproject5-php\system\Test\DatabaseTestTrait.php(74): CodeIgniter\Database\SQLite3\Connection->initialize()
#3 C:\xampp\htdocs\braxlyproject5-php\system\Test\DatabaseTestTrait.php(54): ExampleDatabaseTest->loadDependencies()
#4 C:\xampp\htdocs\braxlyproject5-php\system\Test\CIUnitTestCase.php(248): ExampleDatabaseTest->setUpDatabase()
#5 C:\xampp\htdocs\braxlyproject5-php\vendor\phpunit\phpunit\src\Framework\TestCase.php(1216): CodeIgniter\Test\CIUnitTestCase->setUp()
#6 C:\xampp\htdocs\braxlyproject5-php\vendor\phpunit\phpunit\src\Framework\TestResult.php(729): PHPUnit\Framework\TestCase->runBare()
#7 C:\xampp\htdocs\braxlyproject5-php\vendor\phpunit\phpunit\src\Framework\TestCase.php(973): PHPUnit\Framework\TestResult->run(Object(ExampleDatabaseTest))
#8 C:\xampp\htdocs\braxlyproject5-php\vendor\phpunit\phpunit\src\Framework\TestSuite.php(685): PHPUnit\Framework\TestCase->run(Object(PHPUnit\Framework\TestResult))
#9 C:\xampp\htdocs\braxlyproject5-php\vendor\phpunit\phpunit\src\Framework\TestSuite.php(685): PHPUnit\Framework\TestSuite->run(Object(PHPUnit\Framework\TestResult))
#10 C:\xampp\htdocs\braxlyproject5-php\vendor\phpunit\phpunit\src\Framework\TestSuite.php(685): PHPUnit\Framework\TestSuite->run(Object(PHPUnit\Framework\TestResult))
#11 C:\xampp\htdocs\braxlyproject5-php\vendor\phpunit\phpunit\src\TextUI\TestRunner.php(651): PHPUnit\Framework\TestSuite->run(Object(PHPUnit\Framework\TestResult))
#12 C:\xampp\htdocs\braxlyproject5-php\vendor\phpunit\phpunit\src\TextUI\Command.php(146): PHPUnit\TextUI\TestRunner->run(Object(PHPUnit\Framework\TestSuite), Array, Array, true)
#13 C:\xampp\htdocs\braxlyproject5-php\vendor\phpunit\phpunit\src\TextUI\Command.php(99): PHPUnit\TextUI\Command->run(Array, true)
#14 C:\xampp\htdocs\braxlyproject5-php\vendor\phpunit\phpunit\phpunit(107): PHPUnit\TextUI\Command::main()
#15 C:\xampp\htdocs\braxlyproject5-php\vendor\bin\phpunit(122): include('C:\\xampp\\htdocs...')
#16 {main}
ERROR - 2024-06-19 02:32:05 --> Error connecting to the database: Error: Class "SQLite3" not found in C:\xampp\htdocs\braxlyproject5-php\system\Database\SQLite3\Connection.php:89
Stack trace:
#0 C:\xampp\htdocs\braxlyproject5-php\system\Database\BaseConnection.php(391): CodeIgniter\Database\SQLite3\Connection->connect(false)
#1 C:\xampp\htdocs\braxlyproject5-php\system\Database\SQLite3\Connection.php(59): CodeIgniter\Database\BaseConnection->initialize()
#2 C:\xampp\htdocs\braxlyproject5-php\system\Test\DatabaseTestTrait.php(74): CodeIgniter\Database\SQLite3\Connection->initialize()
#3 C:\xampp\htdocs\braxlyproject5-php\system\Test\DatabaseTestTrait.php(54): ExampleDatabaseTest->loadDependencies()
#4 C:\xampp\htdocs\braxlyproject5-php\system\Test\CIUnitTestCase.php(248): ExampleDatabaseTest->setUpDatabase()
#5 C:\xampp\htdocs\braxlyproject5-php\vendor\phpunit\phpunit\src\Framework\TestCase.php(1216): CodeIgniter\Test\CIUnitTestCase->setUp()
#6 C:\xampp\htdocs\braxlyproject5-php\vendor\phpunit\phpunit\src\Framework\TestResult.php(729): PHPUnit\Framework\TestCase->runBare()
#7 C:\xampp\htdocs\braxlyproject5-php\vendor\phpunit\phpunit\src\Framework\TestCase.php(973): PHPUnit\Framework\TestResult->run(Object(ExampleDatabaseTest))
#8 C:\xampp\htdocs\braxlyproject5-php\vendor\phpunit\phpunit\src\Framework\TestSuite.php(685): PHPUnit\Framework\TestCase->run(Object(PHPUnit\Framework\TestResult))
#9 C:\xampp\htdocs\braxlyproject5-php\vendor\phpunit\phpunit\src\Framework\TestSuite.php(685): PHPUnit\Framework\TestSuite->run(Object(PHPUnit\Framework\TestResult))
#10 C:\xampp\htdocs\braxlyproject5-php\vendor\phpunit\phpunit\src\Framework\TestSuite.php(685): PHPUnit\Framework\TestSuite->run(Object(PHPUnit\Framework\TestResult))
#11 C:\xampp\htdocs\braxlyproject5-php\vendor\phpunit\phpunit\src\TextUI\TestRunner.php(651): PHPUnit\Framework\TestSuite->run(Object(PHPUnit\Framework\TestResult))
#12 C:\xampp\htdocs\braxlyproject5-php\vendor\phpunit\phpunit\src\TextUI\Command.php(146): PHPUnit\TextUI\TestRunner->run(Object(PHPUnit\Framework\TestSuite), Array, Array, true)
#13 C:\xampp\htdocs\braxlyproject5-php\vendor\phpunit\phpunit\src\TextUI\Command.php(99): PHPUnit\TextUI\Command->run(Array, true)
#14 C:\xampp\htdocs\braxlyproject5-php\vendor\phpunit\phpunit\phpunit(107): PHPUnit\TextUI\Command::main()
#15 C:\xampp\htdocs\braxlyproject5-php\vendor\bin\phpunit(122): include('C:\\xampp\\htdocs...')
#16 {main}
ERROR - 2024-06-19 02:35:56 --> Error connecting to the database: Error: Class "SQLite3" not found in C:\xampp\htdocs\braxlyproject5-php\system\Database\SQLite3\Connection.php:89
Stack trace:
#0 C:\xampp\htdocs\braxlyproject5-php\system\Database\BaseConnection.php(391): CodeIgniter\Database\SQLite3\Connection->connect(false)
#1 C:\xampp\htdocs\braxlyproject5-php\system\Database\SQLite3\Connection.php(59): CodeIgniter\Database\BaseConnection->initialize()
#2 C:\xampp\htdocs\braxlyproject5-php\system\Test\DatabaseTestTrait.php(74): CodeIgniter\Database\SQLite3\Connection->initialize()
#3 C:\xampp\htdocs\braxlyproject5-php\system\Test\DatabaseTestTrait.php(54): ExampleDatabaseTest->loadDependencies()
#4 C:\xampp\htdocs\braxlyproject5-php\system\Test\CIUnitTestCase.php(248): ExampleDatabaseTest->setUpDatabase()
#5 C:\xampp\htdocs\braxlyproject5-php\vendor\phpunit\phpunit\src\Framework\TestCase.php(1216): CodeIgniter\Test\CIUnitTestCase->setUp()
#6 C:\xampp\htdocs\braxlyproject5-php\vendor\phpunit\phpunit\src\Framework\TestResult.php(729): PHPUnit\Framework\TestCase->runBare()
#7 C:\xampp\htdocs\braxlyproject5-php\vendor\phpunit\phpunit\src\Framework\TestCase.php(973): PHPUnit\Framework\TestResult->run(Object(ExampleDatabaseTest))
#8 C:\xampp\htdocs\braxlyproject5-php\vendor\phpunit\phpunit\src\Framework\TestSuite.php(685): PHPUnit\Framework\TestCase->run(Object(PHPUnit\Framework\TestResult))
#9 C:\xampp\htdocs\braxlyproject5-php\vendor\phpunit\phpunit\src\Framework\TestSuite.php(685): PHPUnit\Framework\TestSuite->run(Object(PHPUnit\Framework\TestResult))
#10 C:\xampp\htdocs\braxlyproject5-php\vendor\phpunit\phpunit\src\Framework\TestSuite.php(685): PHPUnit\Framework\TestSuite->run(Object(PHPUnit\Framework\TestResult))
#11 C:\xampp\htdocs\braxlyproject5-php\vendor\phpunit\phpunit\src\TextUI\TestRunner.php(651): PHPUnit\Framework\TestSuite->run(Object(PHPUnit\Framework\TestResult))
#12 C:\xampp\htdocs\braxlyproject5-php\vendor\phpunit\phpunit\src\TextUI\Command.php(146): PHPUnit\TextUI\TestRunner->run(Object(PHPUnit\Framework\TestSuite), Array, Array, true)
#13 C:\xampp\htdocs\braxlyproject5-php\vendor\phpunit\phpunit\src\TextUI\Command.php(99): PHPUnit\TextUI\Command->run(Array, true)
#14 C:\xampp\htdocs\braxlyproject5-php\vendor\phpunit\phpunit\phpunit(107): PHPUnit\TextUI\Command::main()
#15 C:\xampp\htdocs\braxlyproject5-php\vendor\bin\phpunit(122): include('C:\\xampp\\htdocs...')
#16 {main}
ERROR - 2024-06-19 02:35:56 --> Error connecting to the database: Error: Class "SQLite3" not found in C:\xampp\htdocs\braxlyproject5-php\system\Database\SQLite3\Connection.php:89
Stack trace:
#0 C:\xampp\htdocs\braxlyproject5-php\system\Database\BaseConnection.php(391): CodeIgniter\Database\SQLite3\Connection->connect(false)
#1 C:\xampp\htdocs\braxlyproject5-php\system\Database\SQLite3\Connection.php(59): CodeIgniter\Database\BaseConnection->initialize()
#2 C:\xampp\htdocs\braxlyproject5-php\system\Test\DatabaseTestTrait.php(74): CodeIgniter\Database\SQLite3\Connection->initialize()
#3 C:\xampp\htdocs\braxlyproject5-php\system\Test\DatabaseTestTrait.php(54): ExampleDatabaseTest->loadDependencies()
#4 C:\xampp\htdocs\braxlyproject5-php\system\Test\CIUnitTestCase.php(248): ExampleDatabaseTest->setUpDatabase()
#5 C:\xampp\htdocs\braxlyproject5-php\vendor\phpunit\phpunit\src\Framework\TestCase.php(1216): CodeIgniter\Test\CIUnitTestCase->setUp()
#6 C:\xampp\htdocs\braxlyproject5-php\vendor\phpunit\phpunit\src\Framework\TestResult.php(729): PHPUnit\Framework\TestCase->runBare()
#7 C:\xampp\htdocs\braxlyproject5-php\vendor\phpunit\phpunit\src\Framework\TestCase.php(973): PHPUnit\Framework\TestResult->run(Object(ExampleDatabaseTest))
#8 C:\xampp\htdocs\braxlyproject5-php\vendor\phpunit\phpunit\src\Framework\TestSuite.php(685): PHPUnit\Framework\TestCase->run(Object(PHPUnit\Framework\TestResult))
#9 C:\xampp\htdocs\braxlyproject5-php\vendor\phpunit\phpunit\src\Framework\TestSuite.php(685): PHPUnit\Framework\TestSuite->run(Object(PHPUnit\Framework\TestResult))
#10 C:\xampp\htdocs\braxlyproject5-php\vendor\phpunit\phpunit\src\Framework\TestSuite.php(685): PHPUnit\Framework\TestSuite->run(Object(PHPUnit\Framework\TestResult))
#11 C:\xampp\htdocs\braxlyproject5-php\vendor\phpunit\phpunit\src\TextUI\TestRunner.php(651): PHPUnit\Framework\TestSuite->run(Object(PHPUnit\Framework\TestResult))
#12 C:\xampp\htdocs\braxlyproject5-php\vendor\phpunit\phpunit\src\TextUI\Command.php(146): PHPUnit\TextUI\TestRunner->run(Object(PHPUnit\Framework\TestSuite), Array, Array, true)
#13 C:\xampp\htdocs\braxlyproject5-php\vendor\phpunit\phpunit\src\TextUI\Command.php(99): PHPUnit\TextUI\Command->run(Array, true)
#14 C:\xampp\htdocs\braxlyproject5-php\vendor\phpunit\phpunit\phpunit(107): PHPUnit\TextUI\Command::main()
#15 C:\xampp\htdocs\braxlyproject5-php\vendor\bin\phpunit(122): include('C:\\xampp\\htdocs...')
#16 {main}
ERROR - 2024-06-19 02:36:21 --> Error connecting to the database: Error: Class "SQLite3" not found in C:\xampp\htdocs\braxlyproject5-php\system\Database\SQLite3\Connection.php:89
Stack trace:
#0 C:\xampp\htdocs\braxlyproject5-php\system\Database\BaseConnection.php(391): CodeIgniter\Database\SQLite3\Connection->connect(false)
#1 C:\xampp\htdocs\braxlyproject5-php\system\Database\SQLite3\Connection.php(59): CodeIgniter\Database\BaseConnection->initialize()
#2 C:\xampp\htdocs\braxlyproject5-php\system\Test\DatabaseTestTrait.php(74): CodeIgniter\Database\SQLite3\Connection->initialize()
#3 C:\xampp\htdocs\braxlyproject5-php\system\Test\DatabaseTestTrait.php(54): ExampleDatabaseTest->loadDependencies()
#4 C:\xampp\htdocs\braxlyproject5-php\system\Test\CIUnitTestCase.php(248): ExampleDatabaseTest->setUpDatabase()
#5 C:\xampp\htdocs\braxlyproject5-php\vendor\phpunit\phpunit\src\Framework\TestCase.php(1216): CodeIgniter\Test\CIUnitTestCase->setUp()
#6 C:\xampp\htdocs\braxlyproject5-php\vendor\phpunit\phpunit\src\Framework\TestResult.php(729): PHPUnit\Framework\TestCase->runBare()
#7 C:\xampp\htdocs\braxlyproject5-php\vendor\phpunit\phpunit\src\Framework\TestCase.php(973): PHPUnit\Framework\TestResult->run(Object(ExampleDatabaseTest))
#8 C:\xampp\htdocs\braxlyproject5-php\vendor\phpunit\phpunit\src\Framework\TestSuite.php(685): PHPUnit\Framework\TestCase->run(Object(PHPUnit\Framework\TestResult))
#9 C:\xampp\htdocs\braxlyproject5-php\vendor\phpunit\phpunit\src\Framework\TestSuite.php(685): PHPUnit\Framework\TestSuite->run(Object(PHPUnit\Framework\TestResult))
#10 C:\xampp\htdocs\braxlyproject5-php\vendor\phpunit\phpunit\src\Framework\TestSuite.php(685): PHPUnit\Framework\TestSuite->run(Object(PHPUnit\Framework\TestResult))
#11 C:\xampp\htdocs\braxlyproject5-php\vendor\phpunit\phpunit\src\TextUI\TestRunner.php(651): PHPUnit\Framework\TestSuite->run(Object(PHPUnit\Framework\TestResult))
#12 C:\xampp\htdocs\braxlyproject5-php\vendor\phpunit\phpunit\src\TextUI\Command.php(146): PHPUnit\TextUI\TestRunner->run(Object(PHPUnit\Framework\TestSuite), Array, Array, true)
#13 C:\xampp\htdocs\braxlyproject5-php\vendor\phpunit\phpunit\src\TextUI\Command.php(99): PHPUnit\TextUI\Command->run(Array, true)
#14 C:\xampp\htdocs\braxlyproject5-php\vendor\phpunit\phpunit\phpunit(107): PHPUnit\TextUI\Command::main()
#15 C:\xampp\htdocs\braxlyproject5-php\vendor\bin\phpunit(122): include('C:\\xampp\\htdocs...')
#16 {main}
ERROR - 2024-06-19 02:36:21 --> Error connecting to the database: Error: Class "SQLite3" not found in C:\xampp\htdocs\braxlyproject5-php\system\Database\SQLite3\Connection.php:89
Stack trace:
#0 C:\xampp\htdocs\braxlyproject5-php\system\Database\BaseConnection.php(391): CodeIgniter\Database\SQLite3\Connection->connect(false)
#1 C:\xampp\htdocs\braxlyproject5-php\system\Database\SQLite3\Connection.php(59): CodeIgniter\Database\BaseConnection->initialize()
#2 C:\xampp\htdocs\braxlyproject5-php\system\Test\DatabaseTestTrait.php(74): CodeIgniter\Database\SQLite3\Connection->initialize()
#3 C:\xampp\htdocs\braxlyproject5-php\system\Test\DatabaseTestTrait.php(54): ExampleDatabaseTest->loadDependencies()
#4 C:\xampp\htdocs\braxlyproject5-php\system\Test\CIUnitTestCase.php(248): ExampleDatabaseTest->setUpDatabase()
#5 C:\xampp\htdocs\braxlyproject5-php\vendor\phpunit\phpunit\src\Framework\TestCase.php(1216): CodeIgniter\Test\CIUnitTestCase->setUp()
#6 C:\xampp\htdocs\braxlyproject5-php\vendor\phpunit\phpunit\src\Framework\TestResult.php(729): PHPUnit\Framework\TestCase->runBare()
#7 C:\xampp\htdocs\braxlyproject5-php\vendor\phpunit\phpunit\src\Framework\TestCase.php(973): PHPUnit\Framework\TestResult->run(Object(ExampleDatabaseTest))
#8 C:\xampp\htdocs\braxlyproject5-php\vendor\phpunit\phpunit\src\Framework\TestSuite.php(685): PHPUnit\Framework\TestCase->run(Object(PHPUnit\Framework\TestResult))
#9 C:\xampp\htdocs\braxlyproject5-php\vendor\phpunit\phpunit\src\Framework\TestSuite.php(685): PHPUnit\Framework\TestSuite->run(Object(PHPUnit\Framework\TestResult))
#10 C:\xampp\htdocs\braxlyproject5-php\vendor\phpunit\phpunit\src\Framework\TestSuite.php(685): PHPUnit\Framework\TestSuite->run(Object(PHPUnit\Framework\TestResult))
#11 C:\xampp\htdocs\braxlyproject5-php\vendor\phpunit\phpunit\src\TextUI\TestRunner.php(651): PHPUnit\Framework\TestSuite->run(Object(PHPUnit\Framework\TestResult))
#12 C:\xampp\htdocs\braxlyproject5-php\vendor\phpunit\phpunit\src\TextUI\Command.php(146): PHPUnit\TextUI\TestRunner->run(Object(PHPUnit\Framework\TestSuite), Array, Array, true)
#13 C:\xampp\htdocs\braxlyproject5-php\vendor\phpunit\phpunit\src\TextUI\Command.php(99): PHPUnit\TextUI\Command->run(Array, true)
#14 C:\xampp\htdocs\braxlyproject5-php\vendor\phpunit\phpunit\phpunit(107): PHPUnit\TextUI\Command::main()
#15 C:\xampp\htdocs\braxlyproject5-php\vendor\bin\phpunit(122): include('C:\\xampp\\htdocs...')
#16 {main}
